<?xml version="1.0" encoding="UTF-8"?>
<testsuite name="RecipeTests" tests="1" skipped="0" failures="0" errors="0" timestamp="2021-12-11T15:01:24" hostname="DESKTOP-DGPPSFU" time="0.021">
  <properties/>
  <testcase name="addIngredientToRecipe()" classname="RecipeTests" time="0.021"/>
  <system-out><![CDATA[]]></system-out>
  <system-err><![CDATA[]]></system-err>
</testsuite>
