<?xml version="1.0" encoding="UTF-8"?>
<testsuite name="RecipeTests" tests="1" skipped="0" failures="0" errors="0" timestamp="2021-12-11T14:41:55" hostname="DESKTOP-DGPPSFU" time="0.023">
  <properties/>
  <testcase name="CreateRecipe()" classname="RecipeTests" time="0.023"/>
  <system-out><![CDATA[]]></system-out>
  <system-err><![CDATA[]]></system-err>
</testsuite>
